The system is: Linux - 3.16.7-200.fc20.x86_64 - x86_64
Compiling the C compiler identification source file "CMakeCCompilerId.c" succeeded.
Compiler: /usr/bin/cc 
Build flags: 
Id flags: 

The output was:
0


Compilation of the C compiler identification source "CMakeCCompilerId.c" produced "a.out"

The C compiler identification is GNU, found in "/ufs/dijkstra/Projects/SomaticMutationCalling/cmake_add/CMakeFiles/2.8.12.2/CompilerIdC/a.out"

Compiling the CXX compiler identification source file "CMakeCXXCompilerId.cpp" succeeded.
Compiler: /usr/bin/c++ 
Build flags: 
Id flags: 

The output was:
0


Compilation of the CXX compiler identification source "CMakeCXXCompilerId.cpp" produced "a.out"

The CXX compiler identification is GNU, found in "/ufs/dijkstra/Projects/SomaticMutationCalling/cmake_add/CMakeFiles/2.8.12.2/CompilerIdCXX/a.out"

Determining if the C compiler works passed with the following output:
Change Dir: /ufs/dijkstra/Projects/SomaticMutationCalling/cmake_add/CMakeFiles/CMakeTmp

Run Build Command:/usr/bin/gmake "cmTryCompileExec2513257113/fast"
/usr/bin/gmake -f CMakeFiles/cmTryCompileExec2513257113.dir/build.make CMakeFiles/cmTryCompileExec2513257113.dir/build
gmake[1]: Entering directory `/ufs/dijkstra/Projects/SomaticMutationCalling/cmake_add/CMakeFiles/CMakeTmp'
/usr/bin/cmake -E cmake_progress_report /ufs/dijkstra/Projects/SomaticMutationCalling/cmake_add/CMakeFiles/CMakeTmp/CMakeFiles 1
Building C object CMakeFiles/cmTryCompileExec2513257113.dir/testCCompiler.c.o
/usr/bin/cc    -o CMakeFiles/cmTryCompileExec2513257113.dir/testCCompiler.c.o   -c /ufs/dijkstra/Projects/SomaticMutationCalling/cmake_add/CMakeFiles/CMakeTmp/testCCompiler.c
Linking C executable cmTryCompileExec2513257113
/usr/bin/cmake -E cmake_link_script CMakeFiles/cmTryCompileExec2513257113.dir/link.txt --verbose=1
/usr/bin/cc       CMakeFiles/cmTryCompileExec2513257113.dir/testCCompiler.c.o  -o cmTryCompileExec2513257113 -rdynamic 
gmake[1]: Leaving directory `/ufs/dijkstra/Projects/SomaticMutationCalling/cmake_add/CMakeFiles/CMakeTmp'


Detecting C compiler ABI info compiled with the following output:
Change Dir: /ufs/dijkstra/Projects/SomaticMutationCalling/cmake_add/CMakeFiles/CMakeTmp

Run Build Command:/usr/bin/gmake "cmTryCompileExec1472098961/fast"
/usr/bin/gmake -f CMakeFiles/cmTryCompileExec1472098961.dir/build.make CMakeFiles/cmTryCompileExec1472098961.dir/build
gmake[1]: Entering directory `/ufs/dijkstra/Projects/SomaticMutationCalling/cmake_add/CMakeFiles/CMakeTmp'
/usr/bin/cmake -E cmake_progress_report /ufs/dijkstra/Projects/SomaticMutationCalling/cmake_add/CMakeFiles/CMakeTmp/CMakeFiles 1
Building C object CMakeFiles/cmTryCompileExec1472098961.dir/CMakeCCompilerABI.c.o
/usr/bin/cc    -o CMakeFiles/cmTryCompileExec1472098961.dir/CMakeCCompilerABI.c.o   -c /usr/share/cmake/Modules/CMakeCCompilerABI.c
Linking C executable cmTryCompileExec1472098961
/usr/bin/cmake -E cmake_link_script CMakeFiles/cmTryCompileExec1472098961.dir/link.txt --verbose=1
/usr/bin/cc     -v CMakeFiles/cmTryCompileExec1472098961.dir/CMakeCCompilerABI.c.o  -o cmTryCompileExec1472098961 -rdynamic  
Using built-in specs.
COLLECT_GCC=/usr/bin/cc
COLLECT_LTO_WRAPPER=/usr/libexec/gcc/x86_64-redhat-linux/4.8.3/lto-wrapper
Target: x86_64-redhat-linux
Configured with: ../configure --prefix=/usr --mandir=/usr/share/man --infodir=/usr/share/info --with-bugurl=http://bugzilla.redhat.com/bugzilla --enable-bootstrap --enable-shared --enable-threads=posix --enable-checking=release --with-system-zlib --enable-__cxa_atexit --disable-libunwind-exceptions --enable-gnu-unique-object --enable-linker-build-id --with-linker-hash-style=gnu --enable-languages=c,c++,objc,obj-c++,java,fortran,ada,go,lto --enable-plugin --enable-initfini-array --enable-java-awt=gtk --disable-dssi --with-java-home=/usr/lib/jvm/java-1.5.0-gcj-1.5.0.0/jre --enable-libgcj-multifile --enable-java-maintainer-mode --with-ecj-jar=/usr/share/java/eclipse-ecj.jar --disable-libjava-multilib --with-isl=/builddir/build/BUILD/gcc-4.8.3-20140911/obj-x86_64-redhat-linux/isl-install --with-cloog=/builddir/build/BUILD/gcc-4.8.3-20140911/obj-x86_64-redhat-linux/cloog-install --with-tune=generic --with-arch_32=i686 --build=x86_64-redhat-linux
Thread model: posix
gcc version 4.8.3 20140911 (Red Hat 4.8.3-7) (GCC) 
COMPILER_PATH=/usr/libexec/gcc/x86_64-redhat-linux/4.8.3/:/usr/libexec/gcc/x86_64-redhat-linux/4.8.3/:/usr/libexec/gcc/x86_64-redhat-linux/:/usr/lib/gcc/x86_64-redhat-linux/4.8.3/:/usr/lib/gcc/x86_64-redhat-linux/
LIBRARY_PATH=/usr/lib/gcc/x86_64-redhat-linux/4.8.3/:/usr/lib/gcc/x86_64-redhat-linux/4.8.3/../../../../lib64/:/lib/../lib64/:/usr/lib/../lib64/:/usr/lib/gcc/x86_64-redhat-linux/4.8.3/../../../:/lib/:/usr/lib/
COLLECT_GCC_OPTIONS='-v' '-o' 'cmTryCompileExec1472098961' '-rdynamic' '-mtune=generic' '-march=x86-64'
 /usr/libexec/gcc/x86_64-redhat-linux/4.8.3/collect2 --build-id --no-add-needed --eh-frame-hdr --hash-style=gnu -m elf_x86_64 -export-dynamic -dynamic-linker /lib64/ld-linux-x86-64.so.2 -o cmTryCompileExec1472098961 /usr/lib/gcc/x86_64-redhat-linux/4.8.3/../../../../lib64/crt1.o /usr/lib/gcc/x86_64-redhat-linux/4.8.3/../../../../lib64/crti.o /usr/lib/gcc/x86_64-redhat-linux/4.8.3/crtbegin.o -L/usr/lib/gcc/x86_64-redhat-linux/4.8.3 -L/usr/lib/gcc/x86_64-redhat-linux/4.8.3/../../../../lib64 -L/lib/../lib64 -L/usr/lib/../lib64 -L/usr/lib/gcc/x86_64-redhat-linux/4.8.3/../../.. CMakeFiles/cmTryCompileExec1472098961.dir/CMakeCCompilerABI.c.o -lgcc --as-needed -lgcc_s --no-as-needed -lc -lgcc --as-needed -lgcc_s --no-as-needed /usr/lib/gcc/x86_64-redhat-linux/4.8.3/crtend.o /usr/lib/gcc/x86_64-redhat-linux/4.8.3/../../../../lib64/crtn.o
gmake[1]: Leaving directory `/ufs/dijkstra/Projects/SomaticMutationCalling/cmake_add/CMakeFiles/CMakeTmp'


Parsed C implicit link information from above output:
  link line regex: [^( *|.*[/\])(ld|([^/\]+-)?ld|collect2)[^/\]*( |$)]
  ignore line: [Change Dir: /ufs/dijkstra/Projects/SomaticMutationCalling/cmake_add/CMakeFiles/CMakeTmp]
  ignore line: []
  ignore line: [Run Build Command:/usr/bin/gmake "cmTryCompileExec1472098961/fast"]
  ignore line: [/usr/bin/gmake -f CMakeFiles/cmTryCompileExec1472098961.dir/build.make CMakeFiles/cmTryCompileExec1472098961.dir/build]
  ignore line: [gmake[1]: Entering directory `/ufs/dijkstra/Projects/SomaticMutationCalling/cmake_add/CMakeFiles/CMakeTmp']
  ignore line: [/usr/bin/cmake -E cmake_progress_report /ufs/dijkstra/Projects/SomaticMutationCalling/cmake_add/CMakeFiles/CMakeTmp/CMakeFiles 1]
  ignore line: [Building C object CMakeFiles/cmTryCompileExec1472098961.dir/CMakeCCompilerABI.c.o]
  ignore line: [/usr/bin/cc    -o CMakeFiles/cmTryCompileExec1472098961.dir/CMakeCCompilerABI.c.o   -c /usr/share/cmake/Modules/CMakeCCompilerABI.c]
  ignore line: [Linking C executable cmTryCompileExec1472098961]
  ignore line: [/usr/bin/cmake -E cmake_link_script CMakeFiles/cmTryCompileExec1472098961.dir/link.txt --verbose=1]
  ignore line: [/usr/bin/cc     -v CMakeFiles/cmTryCompileExec1472098961.dir/CMakeCCompilerABI.c.o  -o cmTryCompileExec1472098961 -rdynamic  ]
  ignore line: [Using built-in specs.]
  ignore line: [COLLECT_GCC=/usr/bin/cc]
  ignore line: [COLLECT_LTO_WRAPPER=/usr/libexec/gcc/x86_64-redhat-linux/4.8.3/lto-wrapper]
  ignore line: [Target: x86_64-redhat-linux]
  ignore line: [Configured with: ../configure --prefix=/usr --mandir=/usr/share/man --infodir=/usr/share/info --with-bugurl=http://bugzilla.redhat.com/bugzilla --enable-bootstrap --enable-shared --enable-threads=posix --enable-checking=release --with-system-zlib --enable-__cxa_atexit --disable-libunwind-exceptions --enable-gnu-unique-object --enable-linker-build-id --with-linker-hash-style=gnu --enable-languages=c,c++,objc,obj-c++,java,fortran,ada,go,lto --enable-plugin --enable-initfini-array --enable-java-awt=gtk --disable-dssi --with-java-home=/usr/lib/jvm/java-1.5.0-gcj-1.5.0.0/jre --enable-libgcj-multifile --enable-java-maintainer-mode --with-ecj-jar=/usr/share/java/eclipse-ecj.jar --disable-libjava-multilib --with-isl=/builddir/build/BUILD/gcc-4.8.3-20140911/obj-x86_64-redhat-linux/isl-install --with-cloog=/builddir/build/BUILD/gcc-4.8.3-20140911/obj-x86_64-redhat-linux/cloog-install --with-tune=generic --with-arch_32=i686 --build=x86_64-redhat-linux]
  ignore line: [Thread model: posix]
  ignore line: [gcc version 4.8.3 20140911 (Red Hat 4.8.3-7) (GCC) ]
  ignore line: [COMPILER_PATH=/usr/libexec/gcc/x86_64-redhat-linux/4.8.3/:/usr/libexec/gcc/x86_64-redhat-linux/4.8.3/:/usr/libexec/gcc/x86_64-redhat-linux/:/usr/lib/gcc/x86_64-redhat-linux/4.8.3/:/usr/lib/gcc/x86_64-redhat-linux/]
  ignore line: [LIBRARY_PATH=/usr/lib/gcc/x86_64-redhat-linux/4.8.3/:/usr/lib/gcc/x86_64-redhat-linux/4.8.3/../../../../lib64/:/lib/../lib64/:/usr/lib/../lib64/:/usr/lib/gcc/x86_64-redhat-linux/4.8.3/../../../:/lib/:/usr/lib/]
  ignore line: [COLLECT_GCC_OPTIONS='-v' '-o' 'cmTryCompileExec1472098961' '-rdynamic' '-mtune=generic' '-march=x86-64']
  link line: [ /usr/libexec/gcc/x86_64-redhat-linux/4.8.3/collect2 --build-id --no-add-needed --eh-frame-hdr --hash-style=gnu -m elf_x86_64 -export-dynamic -dynamic-linker /lib64/ld-linux-x86-64.so.2 -o cmTryCompileExec1472098961 /usr/lib/gcc/x86_64-redhat-linux/4.8.3/../../../../lib64/crt1.o /usr/lib/gcc/x86_64-redhat-linux/4.8.3/../../../../lib64/crti.o /usr/lib/gcc/x86_64-redhat-linux/4.8.3/crtbegin.o -L/usr/lib/gcc/x86_64-redhat-linux/4.8.3 -L/usr/lib/gcc/x86_64-redhat-linux/4.8.3/../../../../lib64 -L/lib/../lib64 -L/usr/lib/../lib64 -L/usr/lib/gcc/x86_64-redhat-linux/4.8.3/../../.. CMakeFiles/cmTryCompileExec1472098961.dir/CMakeCCompilerABI.c.o -lgcc --as-needed -lgcc_s --no-as-needed -lc -lgcc --as-needed -lgcc_s --no-as-needed /usr/lib/gcc/x86_64-redhat-linux/4.8.3/crtend.o /usr/lib/gcc/x86_64-redhat-linux/4.8.3/../../../../lib64/crtn.o]
    arg [/usr/libexec/gcc/x86_64-redhat-linux/4.8.3/collect2] ==> ignore
    arg [--build-id] ==> ignore
    arg [--no-add-needed] ==> ignore
    arg [--eh-frame-hdr] ==> ignore
    arg [--hash-style=gnu] ==> ignore
    arg [-m] ==> ignore
    arg [elf_x86_64] ==> ignore
    arg [-export-dynamic] ==> ignore
    arg [-dynamic-linker] ==> ignore
    arg [/lib64/ld-linux-x86-64.so.2] ==> ignore
    arg [-o] ==> ignore
    arg [cmTryCompileExec1472098961] ==> ignore
    arg [/usr/lib/gcc/x86_64-redhat-linux/4.8.3/../../../../lib64/crt1.o] ==> ignore
    arg [/usr/lib/gcc/x86_64-redhat-linux/4.8.3/../../../../lib64/crti.o] ==> ignore
    arg [/usr/lib/gcc/x86_64-redhat-linux/4.8.3/crtbegin.o] ==> ignore
    arg [-L/usr/lib/gcc/x86_64-redhat-linux/4.8.3] ==> dir [/usr/lib/gcc/x86_64-redhat-linux/4.8.3]
    arg [-L/usr/lib/gcc/x86_64-redhat-linux/4.8.3/../../../../lib64] ==> dir [/usr/lib/gcc/x86_64-redhat-linux/4.8.3/../../../../lib64]
    arg [-L/lib/../lib64] ==> dir [/lib/../lib64]
    arg [-L/usr/lib/../lib64] ==> dir [/usr/lib/../lib64]
    arg [-L/usr/lib/gcc/x86_64-redhat-linux/4.8.3/../../..] ==> dir [/usr/lib/gcc/x86_64-redhat-linux/4.8.3/../../..]
    arg [CMakeFiles/cmTryCompileExec1472098961.dir/CMakeCCompilerABI.c.o] ==> ignore
    arg [-lgcc] ==> lib [gcc]
    arg [--as-needed] ==> ignore
    arg [-lgcc_s] ==> lib [gcc_s]
    arg [--no-as-needed] ==> ignore
    arg [-lc] ==> lib [c]
    arg [-lgcc] ==> lib [gcc]
    arg [--as-needed] ==> ignore
    arg [-lgcc_s] ==> lib [gcc_s]
    arg [--no-as-needed] ==> ignore
    arg [/usr/lib/gcc/x86_64-redhat-linux/4.8.3/crtend.o] ==> ignore
    arg [/usr/lib/gcc/x86_64-redhat-linux/4.8.3/../../../../lib64/crtn.o] ==> ignore
  remove lib [gcc]
  remove lib [gcc_s]
  remove lib [gcc]
  remove lib [gcc_s]
  collapse library dir [/usr/lib/gcc/x86_64-redhat-linux/4.8.3] ==> [/usr/lib/gcc/x86_64-redhat-linux/4.8.3]
  collapse library dir [/usr/lib/gcc/x86_64-redhat-linux/4.8.3/../../../../lib64] ==> [/usr/lib64]
  collapse library dir [/lib/../lib64] ==> [/lib64]
  collapse library dir [/usr/lib/../lib64] ==> [/usr/lib64]
  collapse library dir [/usr/lib/gcc/x86_64-redhat-linux/4.8.3/../../..] ==> [/usr/lib]
  implicit libs: [c]
  implicit dirs: [/usr/lib/gcc/x86_64-redhat-linux/4.8.3;/usr/lib64;/lib64;/usr/lib]
  implicit fwks: []


Determining if the CXX compiler works passed with the following output:
Change Dir: /ufs/dijkstra/Projects/SomaticMutationCalling/cmake_add/CMakeFiles/CMakeTmp

Run Build Command:/usr/bin/gmake "cmTryCompileExec1480886932/fast"
/usr/bin/gmake -f CMakeFiles/cmTryCompileExec1480886932.dir/build.make CMakeFiles/cmTryCompileExec1480886932.dir/build
gmake[1]: Entering directory `/ufs/dijkstra/Projects/SomaticMutationCalling/cmake_add/CMakeFiles/CMakeTmp'
/usr/bin/cmake -E cmake_progress_report /ufs/dijkstra/Projects/SomaticMutationCalling/cmake_add/CMakeFiles/CMakeTmp/CMakeFiles 1
Building CXX object CMakeFiles/cmTryCompileExec1480886932.dir/testCXXCompiler.cxx.o
/usr/bin/c++     -o CMakeFiles/cmTryCompileExec1480886932.dir/testCXXCompiler.cxx.o -c /ufs/dijkstra/Projects/SomaticMutationCalling/cmake_add/CMakeFiles/CMakeTmp/testCXXCompiler.cxx
Linking CXX executable cmTryCompileExec1480886932
/usr/bin/cmake -E cmake_link_script CMakeFiles/cmTryCompileExec1480886932.dir/link.txt --verbose=1
/usr/bin/c++        CMakeFiles/cmTryCompileExec1480886932.dir/testCXXCompiler.cxx.o  -o cmTryCompileExec1480886932 -rdynamic 
gmake[1]: Leaving directory `/ufs/dijkstra/Projects/SomaticMutationCalling/cmake_add/CMakeFiles/CMakeTmp'


Detecting CXX compiler ABI info compiled with the following output:
Change Dir: /ufs/dijkstra/Projects/SomaticMutationCalling/cmake_add/CMakeFiles/CMakeTmp

Run Build Command:/usr/bin/gmake "cmTryCompileExec822240663/fast"
/usr/bin/gmake -f CMakeFiles/cmTryCompileExec822240663.dir/build.make CMakeFiles/cmTryCompileExec822240663.dir/build
gmake[1]: Entering directory `/ufs/dijkstra/Projects/SomaticMutationCalling/cmake_add/CMakeFiles/CMakeTmp'
/usr/bin/cmake -E cmake_progress_report /ufs/dijkstra/Projects/SomaticMutationCalling/cmake_add/CMakeFiles/CMakeTmp/CMakeFiles 1
Building CXX object CMakeFiles/cmTryCompileExec822240663.dir/CMakeCXXCompilerABI.cpp.o
/usr/bin/c++     -o CMakeFiles/cmTryCompileExec822240663.dir/CMakeCXXCompilerABI.cpp.o -c /usr/share/cmake/Modules/CMakeCXXCompilerABI.cpp
Linking CXX executable cmTryCompileExec822240663
/usr/bin/cmake -E cmake_link_script CMakeFiles/cmTryCompileExec822240663.dir/link.txt --verbose=1
/usr/bin/c++      -v CMakeFiles/cmTryCompileExec822240663.dir/CMakeCXXCompilerABI.cpp.o  -o cmTryCompileExec822240663 -rdynamic  
Using built-in specs.
COLLECT_GCC=/usr/bin/c++
COLLECT_LTO_WRAPPER=/usr/libexec/gcc/x86_64-redhat-linux/4.8.3/lto-wrapper
Target: x86_64-redhat-linux
Configured with: ../configure --prefix=/usr --mandir=/usr/share/man --infodir=/usr/share/info --with-bugurl=http://bugzilla.redhat.com/bugzilla --enable-bootstrap --enable-shared --enable-threads=posix --enable-checking=release --with-system-zlib --enable-__cxa_atexit --disable-libunwind-exceptions --enable-gnu-unique-object --enable-linker-build-id --with-linker-hash-style=gnu --enable-languages=c,c++,objc,obj-c++,java,fortran,ada,go,lto --enable-plugin --enable-initfini-array --enable-java-awt=gtk --disable-dssi --with-java-home=/usr/lib/jvm/java-1.5.0-gcj-1.5.0.0/jre --enable-libgcj-multifile --enable-java-maintainer-mode --with-ecj-jar=/usr/share/java/eclipse-ecj.jar --disable-libjava-multilib --with-isl=/builddir/build/BUILD/gcc-4.8.3-20140911/obj-x86_64-redhat-linux/isl-install --with-cloog=/builddir/build/BUILD/gcc-4.8.3-20140911/obj-x86_64-redhat-linux/cloog-install --with-tune=generic --with-arch_32=i686 --build=x86_64-redhat-linux
Thread model: posix
gcc version 4.8.3 20140911 (Red Hat 4.8.3-7) (GCC) 
COMPILER_PATH=/usr/libexec/gcc/x86_64-redhat-linux/4.8.3/:/usr/libexec/gcc/x86_64-redhat-linux/4.8.3/:/usr/libexec/gcc/x86_64-redhat-linux/:/usr/lib/gcc/x86_64-redhat-linux/4.8.3/:/usr/lib/gcc/x86_64-redhat-linux/
LIBRARY_PATH=/usr/lib/gcc/x86_64-redhat-linux/4.8.3/:/usr/lib/gcc/x86_64-redhat-linux/4.8.3/../../../../lib64/:/lib/../lib64/:/usr/lib/../lib64/:/usr/lib/gcc/x86_64-redhat-linux/4.8.3/../../../:/lib/:/usr/lib/
COLLECT_GCC_OPTIONS='-v' '-o' 'cmTryCompileExec822240663' '-rdynamic' '-shared-libgcc' '-mtune=generic' '-march=x86-64'
 /usr/libexec/gcc/x86_64-redhat-linux/4.8.3/collect2 --build-id --no-add-needed --eh-frame-hdr --hash-style=gnu -m elf_x86_64 -export-dynamic -dynamic-linker /lib64/ld-linux-x86-64.so.2 -o cmTryCompileExec822240663 /usr/lib/gcc/x86_64-redhat-linux/4.8.3/../../../../lib64/crt1.o /usr/lib/gcc/x86_64-redhat-linux/4.8.3/../../../../lib64/crti.o /usr/lib/gcc/x86_64-redhat-linux/4.8.3/crtbegin.o -L/usr/lib/gcc/x86_64-redhat-linux/4.8.3 -L/usr/lib/gcc/x86_64-redhat-linux/4.8.3/../../../../lib64 -L/lib/../lib64 -L/usr/lib/../lib64 -L/usr/lib/gcc/x86_64-redhat-linux/4.8.3/../../.. CMakeFiles/cmTryCompileExec822240663.dir/CMakeCXXCompilerABI.cpp.o -lstdc++ -lm -lgcc_s -lgcc -lc -lgcc_s -lgcc /usr/lib/gcc/x86_64-redhat-linux/4.8.3/crtend.o /usr/lib/gcc/x86_64-redhat-linux/4.8.3/../../../../lib64/crtn.o
gmake[1]: Leaving directory `/ufs/dijkstra/Projects/SomaticMutationCalling/cmake_add/CMakeFiles/CMakeTmp'


Parsed CXX implicit link information from above output:
  link line regex: [^( *|.*[/\])(ld|([^/\]+-)?ld|collect2)[^/\]*( |$)]
  ignore line: [Change Dir: /ufs/dijkstra/Projects/SomaticMutationCalling/cmake_add/CMakeFiles/CMakeTmp]
  ignore line: []
  ignore line: [Run Build Command:/usr/bin/gmake "cmTryCompileExec822240663/fast"]
  ignore line: [/usr/bin/gmake -f CMakeFiles/cmTryCompileExec822240663.dir/build.make CMakeFiles/cmTryCompileExec822240663.dir/build]
  ignore line: [gmake[1]: Entering directory `/ufs/dijkstra/Projects/SomaticMutationCalling/cmake_add/CMakeFiles/CMakeTmp']
  ignore line: [/usr/bin/cmake -E cmake_progress_report /ufs/dijkstra/Projects/SomaticMutationCalling/cmake_add/CMakeFiles/CMakeTmp/CMakeFiles 1]
  ignore line: [Building CXX object CMakeFiles/cmTryCompileExec822240663.dir/CMakeCXXCompilerABI.cpp.o]
  ignore line: [/usr/bin/c++     -o CMakeFiles/cmTryCompileExec822240663.dir/CMakeCXXCompilerABI.cpp.o -c /usr/share/cmake/Modules/CMakeCXXCompilerABI.cpp]
  ignore line: [Linking CXX executable cmTryCompileExec822240663]
  ignore line: [/usr/bin/cmake -E cmake_link_script CMakeFiles/cmTryCompileExec822240663.dir/link.txt --verbose=1]
  ignore line: [/usr/bin/c++      -v CMakeFiles/cmTryCompileExec822240663.dir/CMakeCXXCompilerABI.cpp.o  -o cmTryCompileExec822240663 -rdynamic  ]
  ignore line: [Using built-in specs.]
  ignore line: [COLLECT_GCC=/usr/bin/c++]
  ignore line: [COLLECT_LTO_WRAPPER=/usr/libexec/gcc/x86_64-redhat-linux/4.8.3/lto-wrapper]
  ignore line: [Target: x86_64-redhat-linux]
  ignore line: [Configured with: ../configure --prefix=/usr --mandir=/usr/share/man --infodir=/usr/share/info --with-bugurl=http://bugzilla.redhat.com/bugzilla --enable-bootstrap --enable-shared --enable-threads=posix --enable-checking=release --with-system-zlib --enable-__cxa_atexit --disable-libunwind-exceptions --enable-gnu-unique-object --enable-linker-build-id --with-linker-hash-style=gnu --enable-languages=c,c++,objc,obj-c++,java,fortran,ada,go,lto --enable-plugin --enable-initfini-array --enable-java-awt=gtk --disable-dssi --with-java-home=/usr/lib/jvm/java-1.5.0-gcj-1.5.0.0/jre --enable-libgcj-multifile --enable-java-maintainer-mode --with-ecj-jar=/usr/share/java/eclipse-ecj.jar --disable-libjava-multilib --with-isl=/builddir/build/BUILD/gcc-4.8.3-20140911/obj-x86_64-redhat-linux/isl-install --with-cloog=/builddir/build/BUILD/gcc-4.8.3-20140911/obj-x86_64-redhat-linux/cloog-install --with-tune=generic --with-arch_32=i686 --build=x86_64-redhat-linux]
  ignore line: [Thread model: posix]
  ignore line: [gcc version 4.8.3 20140911 (Red Hat 4.8.3-7) (GCC) ]
  ignore line: [COMPILER_PATH=/usr/libexec/gcc/x86_64-redhat-linux/4.8.3/:/usr/libexec/gcc/x86_64-redhat-linux/4.8.3/:/usr/libexec/gcc/x86_64-redhat-linux/:/usr/lib/gcc/x86_64-redhat-linux/4.8.3/:/usr/lib/gcc/x86_64-redhat-linux/]
  ignore line: [LIBRARY_PATH=/usr/lib/gcc/x86_64-redhat-linux/4.8.3/:/usr/lib/gcc/x86_64-redhat-linux/4.8.3/../../../../lib64/:/lib/../lib64/:/usr/lib/../lib64/:/usr/lib/gcc/x86_64-redhat-linux/4.8.3/../../../:/lib/:/usr/lib/]
  ignore line: [COLLECT_GCC_OPTIONS='-v' '-o' 'cmTryCompileExec822240663' '-rdynamic' '-shared-libgcc' '-mtune=generic' '-march=x86-64']
  link line: [ /usr/libexec/gcc/x86_64-redhat-linux/4.8.3/collect2 --build-id --no-add-needed --eh-frame-hdr --hash-style=gnu -m elf_x86_64 -export-dynamic -dynamic-linker /lib64/ld-linux-x86-64.so.2 -o cmTryCompileExec822240663 /usr/lib/gcc/x86_64-redhat-linux/4.8.3/../../../../lib64/crt1.o /usr/lib/gcc/x86_64-redhat-linux/4.8.3/../../../../lib64/crti.o /usr/lib/gcc/x86_64-redhat-linux/4.8.3/crtbegin.o -L/usr/lib/gcc/x86_64-redhat-linux/4.8.3 -L/usr/lib/gcc/x86_64-redhat-linux/4.8.3/../../../../lib64 -L/lib/../lib64 -L/usr/lib/../lib64 -L/usr/lib/gcc/x86_64-redhat-linux/4.8.3/../../.. CMakeFiles/cmTryCompileExec822240663.dir/CMakeCXXCompilerABI.cpp.o -lstdc++ -lm -lgcc_s -lgcc -lc -lgcc_s -lgcc /usr/lib/gcc/x86_64-redhat-linux/4.8.3/crtend.o /usr/lib/gcc/x86_64-redhat-linux/4.8.3/../../../../lib64/crtn.o]
    arg [/usr/libexec/gcc/x86_64-redhat-linux/4.8.3/collect2] ==> ignore
    arg [--build-id] ==> ignore
    arg [--no-add-needed] ==> ignore
    arg [--eh-frame-hdr] ==> ignore
    arg [--hash-style=gnu] ==> ignore
    arg [-m] ==> ignore
    arg [elf_x86_64] ==> ignore
    arg [-export-dynamic] ==> ignore
    arg [-dynamic-linker] ==> ignore
    arg [/lib64/ld-linux-x86-64.so.2] ==> ignore
    arg [-o] ==> ignore
    arg [cmTryCompileExec822240663] ==> ignore
    arg [/usr/lib/gcc/x86_64-redhat-linux/4.8.3/../../../../lib64/crt1.o] ==> ignore
    arg [/usr/lib/gcc/x86_64-redhat-linux/4.8.3/../../../../lib64/crti.o] ==> ignore
    arg [/usr/lib/gcc/x86_64-redhat-linux/4.8.3/crtbegin.o] ==> ignore
    arg [-L/usr/lib/gcc/x86_64-redhat-linux/4.8.3] ==> dir [/usr/lib/gcc/x86_64-redhat-linux/4.8.3]
    arg [-L/usr/lib/gcc/x86_64-redhat-linux/4.8.3/../../../../lib64] ==> dir [/usr/lib/gcc/x86_64-redhat-linux/4.8.3/../../../../lib64]
    arg [-L/lib/../lib64] ==> dir [/lib/../lib64]
    arg [-L/usr/lib/../lib64] ==> dir [/usr/lib/../lib64]
    arg [-L/usr/lib/gcc/x86_64-redhat-linux/4.8.3/../../..] ==> dir [/usr/lib/gcc/x86_64-redhat-linux/4.8.3/../../..]
    arg [CMakeFiles/cmTryCompileExec822240663.dir/CMakeCXXCompilerABI.cpp.o] ==> ignore
    arg [-lstdc++] ==> lib [stdc++]
    arg [-lm] ==> lib [m]
    arg [-lgcc_s] ==> lib [gcc_s]
    arg [-lgcc] ==> lib [gcc]
    arg [-lc] ==> lib [c]
    arg [-lgcc_s] ==> lib [gcc_s]
    arg [-lgcc] ==> lib [gcc]
    arg [/usr/lib/gcc/x86_64-redhat-linux/4.8.3/crtend.o] ==> ignore
    arg [/usr/lib/gcc/x86_64-redhat-linux/4.8.3/../../../../lib64/crtn.o] ==> ignore
  remove lib [gcc_s]
  remove lib [gcc]
  remove lib [gcc_s]
  remove lib [gcc]
  collapse library dir [/usr/lib/gcc/x86_64-redhat-linux/4.8.3] ==> [/usr/lib/gcc/x86_64-redhat-linux/4.8.3]
  collapse library dir [/usr/lib/gcc/x86_64-redhat-linux/4.8.3/../../../../lib64] ==> [/usr/lib64]
  collapse library dir [/lib/../lib64] ==> [/lib64]
  collapse library dir [/usr/lib/../lib64] ==> [/usr/lib64]
  collapse library dir [/usr/lib/gcc/x86_64-redhat-linux/4.8.3/../../..] ==> [/usr/lib]
  implicit libs: [stdc++;m;c]
  implicit dirs: [/usr/lib/gcc/x86_64-redhat-linux/4.8.3;/usr/lib64;/lib64;/usr/lib]
  implicit fwks: []


The system is: Linux - 3.11.10-100.fc18.x86_64 - x86_64
Compiling the C compiler identification source file "CMakeCCompilerId.c" succeeded.
Compiler: /usr/bin/cc 
Build flags: 
Id flags: 

The output was:
0


Compilation of the C compiler identification source "CMakeCCompilerId.c" produced "a.out"

The C compiler identification is GNU, found in "/ufs/dijkstra/Projects/SomaticMutationCalling/cmake_add/CMakeFiles/2.8.11/CompilerIdC/a.out"

Compiling the CXX compiler identification source file "CMakeCXXCompilerId.cpp" succeeded.
Compiler: /usr/bin/c++ 
Build flags: 
Id flags: 

The output was:
0


Compilation of the CXX compiler identification source "CMakeCXXCompilerId.cpp" produced "a.out"

The CXX compiler identification is GNU, found in "/ufs/dijkstra/Projects/SomaticMutationCalling/cmake_add/CMakeFiles/2.8.11/CompilerIdCXX/a.out"

Determining if the C compiler works passed with the following output:
Change Dir: /ufs/dijkstra/Projects/SomaticMutationCalling/cmake_add/CMakeFiles/CMakeTmp

Run Build Command:/usr/bin/gmake "cmTryCompileExec1506346348/fast"
/usr/bin/gmake -f CMakeFiles/cmTryCompileExec1506346348.dir/build.make CMakeFiles/cmTryCompileExec1506346348.dir/build
gmake[1]: Entering directory `/ufs/dijkstra/Projects/SomaticMutationCalling/cmake_add/CMakeFiles/CMakeTmp'
/usr/bin/cmake -E cmake_progress_report /ufs/dijkstra/Projects/SomaticMutationCalling/cmake_add/CMakeFiles/CMakeTmp/CMakeFiles 1
Building C object CMakeFiles/cmTryCompileExec1506346348.dir/testCCompiler.c.o
/usr/bin/cc    -o CMakeFiles/cmTryCompileExec1506346348.dir/testCCompiler.c.o   -c /ufs/dijkstra/Projects/SomaticMutationCalling/cmake_add/CMakeFiles/CMakeTmp/testCCompiler.c
Linking C executable cmTryCompileExec1506346348
/usr/bin/cmake -E cmake_link_script CMakeFiles/cmTryCompileExec1506346348.dir/link.txt --verbose=1
/usr/bin/cc         CMakeFiles/cmTryCompileExec1506346348.dir/testCCompiler.c.o  -o cmTryCompileExec1506346348 -rdynamic 
gmake[1]: Leaving directory `/ufs/dijkstra/Projects/SomaticMutationCalling/cmake_add/CMakeFiles/CMakeTmp'


Detecting C compiler ABI info compiled with the following output:
Change Dir: /ufs/dijkstra/Projects/SomaticMutationCalling/cmake_add/CMakeFiles/CMakeTmp

Run Build Command:/usr/bin/gmake "cmTryCompileExec422024780/fast"
/usr/bin/gmake -f CMakeFiles/cmTryCompileExec422024780.dir/build.make CMakeFiles/cmTryCompileExec422024780.dir/build
gmake[1]: Entering directory `/ufs/dijkstra/Projects/SomaticMutationCalling/cmake_add/CMakeFiles/CMakeTmp'
/usr/bin/cmake -E cmake_progress_report /ufs/dijkstra/Projects/SomaticMutationCalling/cmake_add/CMakeFiles/CMakeTmp/CMakeFiles 1
Building C object CMakeFiles/cmTryCompileExec422024780.dir/CMakeCCompilerABI.c.o
/usr/bin/cc    -o CMakeFiles/cmTryCompileExec422024780.dir/CMakeCCompilerABI.c.o   -c /usr/share/cmake/Modules/CMakeCCompilerABI.c
Linking C executable cmTryCompileExec422024780
/usr/bin/cmake -E cmake_link_script CMakeFiles/cmTryCompileExec422024780.dir/link.txt --verbose=1
/usr/bin/cc       -v CMakeFiles/cmTryCompileExec422024780.dir/CMakeCCompilerABI.c.o  -o cmTryCompileExec422024780 -rdynamic  
Using built-in specs.
COLLECT_GCC=/usr/bin/cc
COLLECT_LTO_WRAPPER=/usr/libexec/gcc/x86_64-redhat-linux/4.7.2/lto-wrapper
Target: x86_64-redhat-linux
Configured with: ../configure --prefix=/usr --mandir=/usr/share/man --infodir=/usr/share/info --with-bugurl=http://bugzilla.redhat.com/bugzilla --enable-bootstrap --enable-shared --enable-threads=posix --enable-checking=release --disable-build-with-cxx --disable-build-poststage1-with-cxx --with-system-zlib --enable-__cxa_atexit --disable-libunwind-exceptions --enable-gnu-unique-object --enable-linker-build-id --with-linker-hash-style=gnu --enable-languages=c,c++,objc,obj-c++,java,fortran,ada,go,lto --enable-plugin --enable-initfini-array --enable-java-awt=gtk --disable-dssi --with-java-home=/usr/lib/jvm/java-1.5.0-gcj-1.5.0.0/jre --enable-libgcj-multifile --enable-java-maintainer-mode --with-ecj-jar=/usr/share/java/eclipse-ecj.jar --disable-libjava-multilib --with-ppl --with-cloog --with-tune=generic --with-arch_32=i686 --build=x86_64-redhat-linux
Thread model: posix
gcc version 4.7.2 20121109 (Red Hat 4.7.2-8) (GCC) 
COMPILER_PATH=/usr/libexec/gcc/x86_64-redhat-linux/4.7.2/:/usr/libexec/gcc/x86_64-redhat-linux/4.7.2/:/usr/libexec/gcc/x86_64-redhat-linux/:/usr/lib/gcc/x86_64-redhat-linux/4.7.2/:/usr/lib/gcc/x86_64-redhat-linux/
LIBRARY_PATH=/usr/lib/gcc/x86_64-redhat-linux/4.7.2/:/usr/lib/gcc/x86_64-redhat-linux/4.7.2/../../../../lib64/:/lib/../lib64/:/usr/lib/../lib64/:/usr/lib/gcc/x86_64-redhat-linux/4.7.2/../../../:/lib/:/usr/lib/
COLLECT_GCC_OPTIONS='-v' '-o' 'cmTryCompileExec422024780' '-rdynamic' '-mtune=generic' '-march=x86-64'
 /usr/libexec/gcc/x86_64-redhat-linux/4.7.2/collect2 --build-id --no-add-needed --eh-frame-hdr --hash-style=gnu -m elf_x86_64 -export-dynamic -dynamic-linker /lib64/ld-linux-x86-64.so.2 -o cmTryCompileExec422024780 /usr/lib/gcc/x86_64-redhat-linux/4.7.2/../../../../lib64/crt1.o /usr/lib/gcc/x86_64-redhat-linux/4.7.2/../../../../lib64/crti.o /usr/lib/gcc/x86_64-redhat-linux/4.7.2/crtbegin.o -L/usr/lib/gcc/x86_64-redhat-linux/4.7.2 -L/usr/lib/gcc/x86_64-redhat-linux/4.7.2/../../../../lib64 -L/lib/../lib64 -L/usr/lib/../lib64 -L/usr/lib/gcc/x86_64-redhat-linux/4.7.2/../../.. CMakeFiles/cmTryCompileExec422024780.dir/CMakeCCompilerABI.c.o -lgcc --as-needed -lgcc_s --no-as-needed -lc -lgcc --as-needed -lgcc_s --no-as-needed /usr/lib/gcc/x86_64-redhat-linux/4.7.2/crtend.o /usr/lib/gcc/x86_64-redhat-linux/4.7.2/../../../../lib64/crtn.o
gmake[1]: Leaving directory `/ufs/dijkstra/Projects/SomaticMutationCalling/cmake_add/CMakeFiles/CMakeTmp'


Parsed C implicit link information from above output:
  link line regex: [^( *|.*[/\])(ld|ld|collect2)[^/\]*( |$)]
  ignore line: [Change Dir: /ufs/dijkstra/Projects/SomaticMutationCalling/cmake_add/CMakeFiles/CMakeTmp]
  ignore line: []
  ignore line: [Run Build Command:/usr/bin/gmake "cmTryCompileExec422024780/fast"]
  ignore line: [/usr/bin/gmake -f CMakeFiles/cmTryCompileExec422024780.dir/build.make CMakeFiles/cmTryCompileExec422024780.dir/build]
  ignore line: [gmake[1]: Entering directory `/ufs/dijkstra/Projects/SomaticMutationCalling/cmake_add/CMakeFiles/CMakeTmp']
  ignore line: [/usr/bin/cmake -E cmake_progress_report /ufs/dijkstra/Projects/SomaticMutationCalling/cmake_add/CMakeFiles/CMakeTmp/CMakeFiles 1]
  ignore line: [Building C object CMakeFiles/cmTryCompileExec422024780.dir/CMakeCCompilerABI.c.o]
  ignore line: [/usr/bin/cc    -o CMakeFiles/cmTryCompileExec422024780.dir/CMakeCCompilerABI.c.o   -c /usr/share/cmake/Modules/CMakeCCompilerABI.c]
  ignore line: [Linking C executable cmTryCompileExec422024780]
  ignore line: [/usr/bin/cmake -E cmake_link_script CMakeFiles/cmTryCompileExec422024780.dir/link.txt --verbose=1]
  ignore line: [/usr/bin/cc       -v CMakeFiles/cmTryCompileExec422024780.dir/CMakeCCompilerABI.c.o  -o cmTryCompileExec422024780 -rdynamic  ]
  ignore line: [Using built-in specs.]
  ignore line: [COLLECT_GCC=/usr/bin/cc]
  ignore line: [COLLECT_LTO_WRAPPER=/usr/libexec/gcc/x86_64-redhat-linux/4.7.2/lto-wrapper]
  ignore line: [Target: x86_64-redhat-linux]
  ignore line: [Configured with: ../configure --prefix=/usr --mandir=/usr/share/man --infodir=/usr/share/info --with-bugurl=http://bugzilla.redhat.com/bugzilla --enable-bootstrap --enable-shared --enable-threads=posix --enable-checking=release --disable-build-with-cxx --disable-build-poststage1-with-cxx --with-system-zlib --enable-__cxa_atexit --disable-libunwind-exceptions --enable-gnu-unique-object --enable-linker-build-id --with-linker-hash-style=gnu --enable-languages=c,c++,objc,obj-c++,java,fortran,ada,go,lto --enable-plugin --enable-initfini-array --enable-java-awt=gtk --disable-dssi --with-java-home=/usr/lib/jvm/java-1.5.0-gcj-1.5.0.0/jre --enable-libgcj-multifile --enable-java-maintainer-mode --with-ecj-jar=/usr/share/java/eclipse-ecj.jar --disable-libjava-multilib --with-ppl --with-cloog --with-tune=generic --with-arch_32=i686 --build=x86_64-redhat-linux]
  ignore line: [Thread model: posix]
  ignore line: [gcc version 4.7.2 20121109 (Red Hat 4.7.2-8) (GCC) ]
  ignore line: [COMPILER_PATH=/usr/libexec/gcc/x86_64-redhat-linux/4.7.2/:/usr/libexec/gcc/x86_64-redhat-linux/4.7.2/:/usr/libexec/gcc/x86_64-redhat-linux/:/usr/lib/gcc/x86_64-redhat-linux/4.7.2/:/usr/lib/gcc/x86_64-redhat-linux/]
  ignore line: [LIBRARY_PATH=/usr/lib/gcc/x86_64-redhat-linux/4.7.2/:/usr/lib/gcc/x86_64-redhat-linux/4.7.2/../../../../lib64/:/lib/../lib64/:/usr/lib/../lib64/:/usr/lib/gcc/x86_64-redhat-linux/4.7.2/../../../:/lib/:/usr/lib/]
  ignore line: [COLLECT_GCC_OPTIONS='-v' '-o' 'cmTryCompileExec422024780' '-rdynamic' '-mtune=generic' '-march=x86-64']
  link line: [ /usr/libexec/gcc/x86_64-redhat-linux/4.7.2/collect2 --build-id --no-add-needed --eh-frame-hdr --hash-style=gnu -m elf_x86_64 -export-dynamic -dynamic-linker /lib64/ld-linux-x86-64.so.2 -o cmTryCompileExec422024780 /usr/lib/gcc/x86_64-redhat-linux/4.7.2/../../../../lib64/crt1.o /usr/lib/gcc/x86_64-redhat-linux/4.7.2/../../../../lib64/crti.o /usr/lib/gcc/x86_64-redhat-linux/4.7.2/crtbegin.o -L/usr/lib/gcc/x86_64-redhat-linux/4.7.2 -L/usr/lib/gcc/x86_64-redhat-linux/4.7.2/../../../../lib64 -L/lib/../lib64 -L/usr/lib/../lib64 -L/usr/lib/gcc/x86_64-redhat-linux/4.7.2/../../.. CMakeFiles/cmTryCompileExec422024780.dir/CMakeCCompilerABI.c.o -lgcc --as-needed -lgcc_s --no-as-needed -lc -lgcc --as-needed -lgcc_s --no-as-needed /usr/lib/gcc/x86_64-redhat-linux/4.7.2/crtend.o /usr/lib/gcc/x86_64-redhat-linux/4.7.2/../../../../lib64/crtn.o]
    arg [/usr/libexec/gcc/x86_64-redhat-linux/4.7.2/collect2] ==> ignore
    arg [--build-id] ==> ignore
    arg [--no-add-needed] ==> ignore
    arg [--eh-frame-hdr] ==> ignore
    arg [--hash-style=gnu] ==> ignore
    arg [-m] ==> ignore
    arg [elf_x86_64] ==> ignore
    arg [-export-dynamic] ==> ignore
    arg [-dynamic-linker] ==> ignore
    arg [/lib64/ld-linux-x86-64.so.2] ==> ignore
    arg [-o] ==> ignore
    arg [cmTryCompileExec422024780] ==> ignore
    arg [/usr/lib/gcc/x86_64-redhat-linux/4.7.2/../../../../lib64/crt1.o] ==> ignore
    arg [/usr/lib/gcc/x86_64-redhat-linux/4.7.2/../../../../lib64/crti.o] ==> ignore
    arg [/usr/lib/gcc/x86_64-redhat-linux/4.7.2/crtbegin.o] ==> ignore
    arg [-L/usr/lib/gcc/x86_64-redhat-linux/4.7.2] ==> dir [/usr/lib/gcc/x86_64-redhat-linux/4.7.2]
    arg [-L/usr/lib/gcc/x86_64-redhat-linux/4.7.2/../../../../lib64] ==> dir [/usr/lib/gcc/x86_64-redhat-linux/4.7.2/../../../../lib64]
    arg [-L/lib/../lib64] ==> dir [/lib/../lib64]
    arg [-L/usr/lib/../lib64] ==> dir [/usr/lib/../lib64]
    arg [-L/usr/lib/gcc/x86_64-redhat-linux/4.7.2/../../..] ==> dir [/usr/lib/gcc/x86_64-redhat-linux/4.7.2/../../..]
    arg [CMakeFiles/cmTryCompileExec422024780.dir/CMakeCCompilerABI.c.o] ==> ignore
    arg [-lgcc] ==> lib [gcc]
    arg [--as-needed] ==> ignore
    arg [-lgcc_s] ==> lib [gcc_s]
    arg [--no-as-needed] ==> ignore
    arg [-lc] ==> lib [c]
    arg [-lgcc] ==> lib [gcc]
    arg [--as-needed] ==> ignore
    arg [-lgcc_s] ==> lib [gcc_s]
    arg [--no-as-needed] ==> ignore
    arg [/usr/lib/gcc/x86_64-redhat-linux/4.7.2/crtend.o] ==> ignore
    arg [/usr/lib/gcc/x86_64-redhat-linux/4.7.2/../../../../lib64/crtn.o] ==> ignore
  remove lib [gcc]
  remove lib [gcc_s]
  remove lib [gcc]
  remove lib [gcc_s]
  collapse library dir [/usr/lib/gcc/x86_64-redhat-linux/4.7.2] ==> [/usr/lib/gcc/x86_64-redhat-linux/4.7.2]
  collapse library dir [/usr/lib/gcc/x86_64-redhat-linux/4.7.2/../../../../lib64] ==> [/usr/lib64]
  collapse library dir [/lib/../lib64] ==> [/lib64]
  collapse library dir [/usr/lib/../lib64] ==> [/usr/lib64]
  collapse library dir [/usr/lib/gcc/x86_64-redhat-linux/4.7.2/../../..] ==> [/usr/lib]
  implicit libs: [c]
  implicit dirs: [/usr/lib/gcc/x86_64-redhat-linux/4.7.2;/usr/lib64;/lib64;/usr/lib]
  implicit fwks: []


Determining if the CXX compiler works passed with the following output:
Change Dir: /ufs/dijkstra/Projects/SomaticMutationCalling/cmake_add/CMakeFiles/CMakeTmp

Run Build Command:/usr/bin/gmake "cmTryCompileExec2251122199/fast"
/usr/bin/gmake -f CMakeFiles/cmTryCompileExec2251122199.dir/build.make CMakeFiles/cmTryCompileExec2251122199.dir/build
gmake[1]: Entering directory `/ufs/dijkstra/Projects/SomaticMutationCalling/cmake_add/CMakeFiles/CMakeTmp'
/usr/bin/cmake -E cmake_progress_report /ufs/dijkstra/Projects/SomaticMutationCalling/cmake_add/CMakeFiles/CMakeTmp/CMakeFiles 1
Building CXX object CMakeFiles/cmTryCompileExec2251122199.dir/testCXXCompiler.cxx.o
/usr/bin/c++     -o CMakeFiles/cmTryCompileExec2251122199.dir/testCXXCompiler.cxx.o -c /ufs/dijkstra/Projects/SomaticMutationCalling/cmake_add/CMakeFiles/CMakeTmp/testCXXCompiler.cxx
Linking CXX executable cmTryCompileExec2251122199
/usr/bin/cmake -E cmake_link_script CMakeFiles/cmTryCompileExec2251122199.dir/link.txt --verbose=1
/usr/bin/c++          CMakeFiles/cmTryCompileExec2251122199.dir/testCXXCompiler.cxx.o  -o cmTryCompileExec2251122199 -rdynamic 
gmake[1]: Leaving directory `/ufs/dijkstra/Projects/SomaticMutationCalling/cmake_add/CMakeFiles/CMakeTmp'


Detecting CXX compiler ABI info compiled with the following output:
Change Dir: /ufs/dijkstra/Projects/SomaticMutationCalling/cmake_add/CMakeFiles/CMakeTmp

Run Build Command:/usr/bin/gmake "cmTryCompileExec2469276283/fast"
/usr/bin/gmake -f CMakeFiles/cmTryCompileExec2469276283.dir/build.make CMakeFiles/cmTryCompileExec2469276283.dir/build
gmake[1]: Entering directory `/ufs/dijkstra/Projects/SomaticMutationCalling/cmake_add/CMakeFiles/CMakeTmp'
/usr/bin/cmake -E cmake_progress_report /ufs/dijkstra/Projects/SomaticMutationCalling/cmake_add/CMakeFiles/CMakeTmp/CMakeFiles 1
Building CXX object CMakeFiles/cmTryCompileExec2469276283.dir/CMakeCXXCompilerABI.cpp.o
/usr/bin/c++     -o CMakeFiles/cmTryCompileExec2469276283.dir/CMakeCXXCompilerABI.cpp.o -c /usr/share/cmake/Modules/CMakeCXXCompilerABI.cpp
Linking CXX executable cmTryCompileExec2469276283
/usr/bin/cmake -E cmake_link_script CMakeFiles/cmTryCompileExec2469276283.dir/link.txt --verbose=1
/usr/bin/c++        -v CMakeFiles/cmTryCompileExec2469276283.dir/CMakeCXXCompilerABI.cpp.o  -o cmTryCompileExec2469276283 -rdynamic  
Using built-in specs.
COLLECT_GCC=/usr/bin/c++
COLLECT_LTO_WRAPPER=/usr/libexec/gcc/x86_64-redhat-linux/4.7.2/lto-wrapper
Target: x86_64-redhat-linux
Configured with: ../configure --prefix=/usr --mandir=/usr/share/man --infodir=/usr/share/info --with-bugurl=http://bugzilla.redhat.com/bugzilla --enable-bootstrap --enable-shared --enable-threads=posix --enable-checking=release --disable-build-with-cxx --disable-build-poststage1-with-cxx --with-system-zlib --enable-__cxa_atexit --disable-libunwind-exceptions --enable-gnu-unique-object --enable-linker-build-id --with-linker-hash-style=gnu --enable-languages=c,c++,objc,obj-c++,java,fortran,ada,go,lto --enable-plugin --enable-initfini-array --enable-java-awt=gtk --disable-dssi --with-java-home=/usr/lib/jvm/java-1.5.0-gcj-1.5.0.0/jre --enable-libgcj-multifile --enable-java-maintainer-mode --with-ecj-jar=/usr/share/java/eclipse-ecj.jar --disable-libjava-multilib --with-ppl --with-cloog --with-tune=generic --with-arch_32=i686 --build=x86_64-redhat-linux
Thread model: posix
gcc version 4.7.2 20121109 (Red Hat 4.7.2-8) (GCC) 
COMPILER_PATH=/usr/libexec/gcc/x86_64-redhat-linux/4.7.2/:/usr/libexec/gcc/x86_64-redhat-linux/4.7.2/:/usr/libexec/gcc/x86_64-redhat-linux/:/usr/lib/gcc/x86_64-redhat-linux/4.7.2/:/usr/lib/gcc/x86_64-redhat-linux/
LIBRARY_PATH=/usr/lib/gcc/x86_64-redhat-linux/4.7.2/:/usr/lib/gcc/x86_64-redhat-linux/4.7.2/../../../../lib64/:/lib/../lib64/:/usr/lib/../lib64/:/usr/lib/gcc/x86_64-redhat-linux/4.7.2/../../../:/lib/:/usr/lib/
COLLECT_GCC_OPTIONS='-v' '-o' 'cmTryCompileExec2469276283' '-rdynamic' '-shared-libgcc' '-mtune=generic' '-march=x86-64'
 /usr/libexec/gcc/x86_64-redhat-linux/4.7.2/collect2 --build-id --no-add-needed --eh-frame-hdr --hash-style=gnu -m elf_x86_64 -export-dynamic -dynamic-linker /lib64/ld-linux-x86-64.so.2 -o cmTryCompileExec2469276283 /usr/lib/gcc/x86_64-redhat-linux/4.7.2/../../../../lib64/crt1.o /usr/lib/gcc/x86_64-redhat-linux/4.7.2/../../../../lib64/crti.o /usr/lib/gcc/x86_64-redhat-linux/4.7.2/crtbegin.o -L/usr/lib/gcc/x86_64-redhat-linux/4.7.2 -L/usr/lib/gcc/x86_64-redhat-linux/4.7.2/../../../../lib64 -L/lib/../lib64 -L/usr/lib/../lib64 -L/usr/lib/gcc/x86_64-redhat-linux/4.7.2/../../.. CMakeFiles/cmTryCompileExec2469276283.dir/CMakeCXXCompilerABI.cpp.o -lstdc++ -lm -lgcc_s -lgcc -lc -lgcc_s -lgcc /usr/lib/gcc/x86_64-redhat-linux/4.7.2/crtend.o /usr/lib/gcc/x86_64-redhat-linux/4.7.2/../../../../lib64/crtn.o
gmake[1]: Leaving directory `/ufs/dijkstra/Projects/SomaticMutationCalling/cmake_add/CMakeFiles/CMakeTmp'


Parsed CXX implicit link information from above output:
  link line regex: [^( *|.*[/\])(ld|ld|collect2)[^/\]*( |$)]
  ignore line: [Change Dir: /ufs/dijkstra/Projects/SomaticMutationCalling/cmake_add/CMakeFiles/CMakeTmp]
  ignore line: []
  ignore line: [Run Build Command:/usr/bin/gmake "cmTryCompileExec2469276283/fast"]
  ignore line: [/usr/bin/gmake -f CMakeFiles/cmTryCompileExec2469276283.dir/build.make CMakeFiles/cmTryCompileExec2469276283.dir/build]
  ignore line: [gmake[1]: Entering directory `/ufs/dijkstra/Projects/SomaticMutationCalling/cmake_add/CMakeFiles/CMakeTmp']
  ignore line: [/usr/bin/cmake -E cmake_progress_report /ufs/dijkstra/Projects/SomaticMutationCalling/cmake_add/CMakeFiles/CMakeTmp/CMakeFiles 1]
  ignore line: [Building CXX object CMakeFiles/cmTryCompileExec2469276283.dir/CMakeCXXCompilerABI.cpp.o]
  ignore line: [/usr/bin/c++     -o CMakeFiles/cmTryCompileExec2469276283.dir/CMakeCXXCompilerABI.cpp.o -c /usr/share/cmake/Modules/CMakeCXXCompilerABI.cpp]
  ignore line: [Linking CXX executable cmTryCompileExec2469276283]
  ignore line: [/usr/bin/cmake -E cmake_link_script CMakeFiles/cmTryCompileExec2469276283.dir/link.txt --verbose=1]
  ignore line: [/usr/bin/c++        -v CMakeFiles/cmTryCompileExec2469276283.dir/CMakeCXXCompilerABI.cpp.o  -o cmTryCompileExec2469276283 -rdynamic  ]
  ignore line: [Using built-in specs.]
  ignore line: [COLLECT_GCC=/usr/bin/c++]
  ignore line: [COLLECT_LTO_WRAPPER=/usr/libexec/gcc/x86_64-redhat-linux/4.7.2/lto-wrapper]
  ignore line: [Target: x86_64-redhat-linux]
  ignore line: [Configured with: ../configure --prefix=/usr --mandir=/usr/share/man --infodir=/usr/share/info --with-bugurl=http://bugzilla.redhat.com/bugzilla --enable-bootstrap --enable-shared --enable-threads=posix --enable-checking=release --disable-build-with-cxx --disable-build-poststage1-with-cxx --with-system-zlib --enable-__cxa_atexit --disable-libunwind-exceptions --enable-gnu-unique-object --enable-linker-build-id --with-linker-hash-style=gnu --enable-languages=c,c++,objc,obj-c++,java,fortran,ada,go,lto --enable-plugin --enable-initfini-array --enable-java-awt=gtk --disable-dssi --with-java-home=/usr/lib/jvm/java-1.5.0-gcj-1.5.0.0/jre --enable-libgcj-multifile --enable-java-maintainer-mode --with-ecj-jar=/usr/share/java/eclipse-ecj.jar --disable-libjava-multilib --with-ppl --with-cloog --with-tune=generic --with-arch_32=i686 --build=x86_64-redhat-linux]
  ignore line: [Thread model: posix]
  ignore line: [gcc version 4.7.2 20121109 (Red Hat 4.7.2-8) (GCC) ]
  ignore line: [COMPILER_PATH=/usr/libexec/gcc/x86_64-redhat-linux/4.7.2/:/usr/libexec/gcc/x86_64-redhat-linux/4.7.2/:/usr/libexec/gcc/x86_64-redhat-linux/:/usr/lib/gcc/x86_64-redhat-linux/4.7.2/:/usr/lib/gcc/x86_64-redhat-linux/]
  ignore line: [LIBRARY_PATH=/usr/lib/gcc/x86_64-redhat-linux/4.7.2/:/usr/lib/gcc/x86_64-redhat-linux/4.7.2/../../../../lib64/:/lib/../lib64/:/usr/lib/../lib64/:/usr/lib/gcc/x86_64-redhat-linux/4.7.2/../../../:/lib/:/usr/lib/]
  ignore line: [COLLECT_GCC_OPTIONS='-v' '-o' 'cmTryCompileExec2469276283' '-rdynamic' '-shared-libgcc' '-mtune=generic' '-march=x86-64']
  link line: [ /usr/libexec/gcc/x86_64-redhat-linux/4.7.2/collect2 --build-id --no-add-needed --eh-frame-hdr --hash-style=gnu -m elf_x86_64 -export-dynamic -dynamic-linker /lib64/ld-linux-x86-64.so.2 -o cmTryCompileExec2469276283 /usr/lib/gcc/x86_64-redhat-linux/4.7.2/../../../../lib64/crt1.o /usr/lib/gcc/x86_64-redhat-linux/4.7.2/../../../../lib64/crti.o /usr/lib/gcc/x86_64-redhat-linux/4.7.2/crtbegin.o -L/usr/lib/gcc/x86_64-redhat-linux/4.7.2 -L/usr/lib/gcc/x86_64-redhat-linux/4.7.2/../../../../lib64 -L/lib/../lib64 -L/usr/lib/../lib64 -L/usr/lib/gcc/x86_64-redhat-linux/4.7.2/../../.. CMakeFiles/cmTryCompileExec2469276283.dir/CMakeCXXCompilerABI.cpp.o -lstdc++ -lm -lgcc_s -lgcc -lc -lgcc_s -lgcc /usr/lib/gcc/x86_64-redhat-linux/4.7.2/crtend.o /usr/lib/gcc/x86_64-redhat-linux/4.7.2/../../../../lib64/crtn.o]
    arg [/usr/libexec/gcc/x86_64-redhat-linux/4.7.2/collect2] ==> ignore
    arg [--build-id] ==> ignore
    arg [--no-add-needed] ==> ignore
    arg [--eh-frame-hdr] ==> ignore
    arg [--hash-style=gnu] ==> ignore
    arg [-m] ==> ignore
    arg [elf_x86_64] ==> ignore
    arg [-export-dynamic] ==> ignore
    arg [-dynamic-linker] ==> ignore
    arg [/lib64/ld-linux-x86-64.so.2] ==> ignore
    arg [-o] ==> ignore
    arg [cmTryCompileExec2469276283] ==> ignore
    arg [/usr/lib/gcc/x86_64-redhat-linux/4.7.2/../../../../lib64/crt1.o] ==> ignore
    arg [/usr/lib/gcc/x86_64-redhat-linux/4.7.2/../../../../lib64/crti.o] ==> ignore
    arg [/usr/lib/gcc/x86_64-redhat-linux/4.7.2/crtbegin.o] ==> ignore
    arg [-L/usr/lib/gcc/x86_64-redhat-linux/4.7.2] ==> dir [/usr/lib/gcc/x86_64-redhat-linux/4.7.2]
    arg [-L/usr/lib/gcc/x86_64-redhat-linux/4.7.2/../../../../lib64] ==> dir [/usr/lib/gcc/x86_64-redhat-linux/4.7.2/../../../../lib64]
    arg [-L/lib/../lib64] ==> dir [/lib/../lib64]
    arg [-L/usr/lib/../lib64] ==> dir [/usr/lib/../lib64]
    arg [-L/usr/lib/gcc/x86_64-redhat-linux/4.7.2/../../..] ==> dir [/usr/lib/gcc/x86_64-redhat-linux/4.7.2/../../..]
    arg [CMakeFiles/cmTryCompileExec2469276283.dir/CMakeCXXCompilerABI.cpp.o] ==> ignore
    arg [-lstdc++] ==> lib [stdc++]
    arg [-lm] ==> lib [m]
    arg [-lgcc_s] ==> lib [gcc_s]
    arg [-lgcc] ==> lib [gcc]
    arg [-lc] ==> lib [c]
    arg [-lgcc_s] ==> lib [gcc_s]
    arg [-lgcc] ==> lib [gcc]
    arg [/usr/lib/gcc/x86_64-redhat-linux/4.7.2/crtend.o] ==> ignore
    arg [/usr/lib/gcc/x86_64-redhat-linux/4.7.2/../../../../lib64/crtn.o] ==> ignore
  remove lib [gcc_s]
  remove lib [gcc]
  remove lib [gcc_s]
  remove lib [gcc]
  collapse library dir [/usr/lib/gcc/x86_64-redhat-linux/4.7.2] ==> [/usr/lib/gcc/x86_64-redhat-linux/4.7.2]
  collapse library dir [/usr/lib/gcc/x86_64-redhat-linux/4.7.2/../../../../lib64] ==> [/usr/lib64]
  collapse library dir [/lib/../lib64] ==> [/lib64]
  collapse library dir [/usr/lib/../lib64] ==> [/usr/lib64]
  collapse library dir [/usr/lib/gcc/x86_64-redhat-linux/4.7.2/../../..] ==> [/usr/lib]
  implicit libs: [stdc++;m;c]
  implicit dirs: [/usr/lib/gcc/x86_64-redhat-linux/4.7.2;/usr/lib64;/lib64;/usr/lib]
  implicit fwks: []


